<?xml version="1.0" encoding="UTF-8"?>
<testng-results skipped="0" failed="0" total="3" passed="3">
  <reporter-output>
  </reporter-output>
  <suite name="Default suite" duration-ms="21799" started-at="2014-04-14T20:08:33Z" finished-at="2014-04-14T20:08:55Z">
    <groups>
    </groups>
    <test name="Default test" duration-ms="21799" started-at="2014-04-14T20:08:33Z" finished-at="2014-04-14T20:08:55Z">
      <class name="TestNG.main">
        <test-method status="PASS" signature="runChrome()[pri:0, instance:TestNG.main@54054c41]" name="runChrome" duration-ms="7520" started-at="2014-04-14T13:08:33Z" finished-at="2014-04-14T13:08:41Z">
          <reporter-output>
          </reporter-output>
        </test-method> <!-- runChrome -->
        <test-method status="PASS" signature="runFirefox()[pri:0, instance:TestNG.main@54054c41]" name="runFirefox" duration-ms="8774" started-at="2014-04-14T13:08:41Z" finished-at="2014-04-14T13:08:50Z">
          <reporter-output>
          </reporter-output>
        </test-method> <!-- runFirefox -->
        <test-method status="PASS" signature="runIE()[pri:0, instance:TestNG.main@54054c41]" name="runIE" duration-ms="5483" started-at="2014-04-14T13:08:50Z" finished-at="2014-04-14T13:08:55Z">
          <reporter-output>
          </reporter-output>
        </test-method> <!-- runIE -->
      </class> <!-- TestNG.main -->
    </test> <!-- Default test -->
  </suite> <!-- Default suite -->
</testng-results>
